2025-08-11 15:39:55,423 - INFO - Succesfully read the YAML file
2025-08-11 15:39:55,424 - INFO - Data Ingestion Started....
2025-08-11 15:39:55,424 - INFO - Starting Data Ingestion Process....
2025-08-11 15:39:58,636 - ERROR - Error while downloading data from GCP
2025-08-11 15:39:58,636 - ERROR - CustomException : Error in C:\Users\Vedant Kadu\OneDrive\Desktop\project_04\src\data_ingestion.py , line 24 : Failed to download data
2025-08-11 15:39:58,636 - INFO - Data Ingestion DONE...
2025-08-11 15:57:22,840 - INFO - Succesfully read the YAML file
2025-08-11 15:57:22,841 - INFO - Data Ingestion Started....
2025-08-11 15:57:22,842 - INFO - Starting Data Ingestion Process....
2025-08-11 15:57:25,766 - ERROR - Error while downloading data from GCP
2025-08-11 15:57:25,767 - ERROR - CustomException : Error in C:\Users\Vedant Kadu\OneDrive\Desktop\project_04\src\data_ingestion.py , line 24 : Failed to download data
2025-08-11 15:57:25,767 - INFO - Data Ingestion DONE...
2025-08-11 16:05:46,941 - ERROR - Error while reading YAML file
2025-08-11 16:09:55,952 - INFO - Succesfully read the YAML file
2025-08-11 16:09:55,953 - INFO - Data Ingestion Started....
2025-08-11 16:09:55,953 - INFO - Starting Data Ingestion Process....
2025-08-11 16:09:58,717 - ERROR - Error while downloading data from GCP
2025-08-11 16:09:58,717 - ERROR - CustomException : Error in C:\Users\Vedant Kadu\OneDrive\Desktop\project_04\src\data_ingestion.py , line 24 : Failed to download data
2025-08-11 16:09:58,717 - INFO - Data Ingestion DONE...
2025-08-11 16:12:19,686 - INFO - Succesfully read the YAML file
2025-08-11 16:12:19,687 - INFO - Data Ingestion Started....
2025-08-11 16:12:19,687 - INFO - Starting Data Ingestion Process....
2025-08-11 16:12:26,538 - INFO - Downloading Smaller Files ie anime and anime_with synopsis
2025-08-11 16:12:31,260 - INFO - Downloading Smaller Files ie anime and anime_with synopsis
2025-08-11 16:22:36,291 - INFO - Large file detected Only downloading 5M rows
2025-08-11 16:22:36,317 - INFO - Data Ingestion Completed...
2025-08-11 16:22:36,317 - INFO - Data Ingestion DONE...
